-------------------------------------------------------------------------------
Test set: TestSuite
-------------------------------------------------------------------------------
Tests run: 2, Failures: 1, Errors: 0, Skipped: 0, Time elapsed: 40.995 s <<< FAILURE! - in TestSuite
testLogin(scripts.TestLogin)  Time elapsed: 5.615 s  <<< FAILURE!
java.lang.AssertionError: 
The following asserts failed:
	expected [act_TIME] but found [actiTIME - Enter Time-Track]
	at scripts.TestLogin.testLogin(TestLogin.java:27)

