<?xml version="1.0" encoding="UTF-8"?>
<testsuite xmlns:xsi="http://www.w3.org/2001/XMLSchema-instance" xsi:noNamespaceSchemaLocation="https://maven.apache.org/surefire/maven-surefire-plugin/xsd/surefire-test-report.xsd" name="TestSuite" time="40.995" tests="2" errors="0" skipped="0" failures="1">
  <properties>
[...]
</properties>
  <testcase name="testLogin" classname="scripts.TestLogin" time="5.615">
    <failure message="The following asserts failed:&#10;	expected [act_TIME] but found [actiTIME - Enter Time-Track]" type="java.lang.AssertionError">java.lang.AssertionError: 
The following asserts failed:
	expected [act_TIME] but found [actiTIME - Enter Time-Track]
	at scripts.TestLogin.testLogin(TestLogin.java:27)
</failure>
    <system-err><![CDATA[1512799561635	geckodriver	INFO	geckodriver 0.19.0
1512799561649	geckodriver	INFO	Listening on 127.0.0.1:8836
1512799562573	mozrunner::runner	INFO	Running command: "C:\\Program Files\\Mozilla Firefox\\firefox.exe" "-marionette" "-profile" "C:\\Users\\ASHOKB~1\\AppData\\Local\\Temp\\rust_mozprofile.Br6FoIBXHAxQ"
1512799562895	addons.xpi	WARN	Error parsing extensions state: [Exception... "Component returned failure code: 0x80520012 (NS_ERROR_FILE_NOT_FOUND) [amIAddonManagerStartup.readStartupData]"  nsresult: "0x80520012 (NS_ERROR_FILE_NOT_FOUND)"  location: "JS frame :: resource://gre/modules/addons/XPIProvider.jsm :: loadExtensionState :: line 1554"  data: no] Stack trace: loadExtensionState()@resource://gre/modules/addons/XPIProvider.jsm:1554 < getInstallState()@resource://gre/modules/addons/XPIProvider.jsm:1589 < checkForChanges()@resource://gre/modules/addons/XPIProvider.jsm:3109 < startup()@resource://gre/modules/addons/XPIProvider.jsm:2188 < callProvider()@resource://gre/modules/AddonManager.jsm:269 < _startProvider()@resource://gre/modules/AddonManager.jsm:739 < startup()@resource://gre/modules/AddonManager.jsm:906 < startup()@resource://gre/modules/AddonManager.jsm:3090 < observe()@jar:file:///C:/Program%20Files/Mozilla%20Firefox/omni.ja!/components/addonManager.js:65
1512799564331	Marionette	INFO	Enabled via --marionette
Unable to read VR Path Registry from C:\Users\Ashok Burli\AppData\Local\openvr\openvrpaths.vrpath
[Child 7832] WARNING: pipe error: 109: file z:/build/build/src/ipc/chromium/src/chrome/common/ipc_channel_win.cc, line 346
[Child 7832] WARNING: pipe error: 109: file z:/build/build/src/ipc/chromium/src/chrome/common/ipc_channel_win.cc, line 346
1512799567889	Marionette	INFO	Listening on port 58390
1512799568302	Marionette	WARN	TLS certificate errors will be ignored for this session
1512799568402	Marionette	DEBUG	Register listener.js for window 6442450945
Dec 09, 2017 11:36:08 AM org.openqa.selenium.remote.ProtocolHandshake createSession
INFO: Detected dialect: W3C
1512799568594	Marionette	DEBUG	Received DOM event "beforeunload" for "about:blank"
1512799568625	Marionette	DEBUG	Received DOM event "pagehide" for "about:blank"
1512799568626	Marionette	DEBUG	Received DOM event "unload" for "about:blank"
1512799570301	Marionette	DEBUG	Received DOM event "DOMContentLoaded" for "http://localhost/login.do"
1512799570336	Marionette	DEBUG	Received DOM event "pageshow" for "http://localhost/login.do"
1512799571850	Marionette	DEBUG	Received DOM event "beforeunload" for "http://localhost/login.do"
1512799572720	Marionette	DEBUG	Received DOM event "pagehide" for "http://localhost/login.do"
1512799572723	Marionette	DEBUG	Received DOM event "unload" for "http://localhost/login.do"
1512799573765	Marionette	DEBUG	Received DOM event "DOMContentLoaded" for "http://localhost/user/submit_tt.do"
1512799573914	Marionette	DEBUG	Received DOM event "pageshow" for "http://localhost/user/submit_tt.do"
]]></system-err>
  </testcase>
  <testcase name="testInvslidLogin" classname="scripts.TestInvalidLogin" time="14.508"/>
</testsuite>