<?xml version="1.0" encoding="UTF-8"?>
<testng-results skipped="0" failed="0" ignored="0" total="1" passed="1">
  <reporter-output>
  </reporter-output>
  <suite name="Default suite" duration-ms="38985" started-at="2017-12-03T08:11:50Z" finished-at="2017-12-03T08:12:29Z">
    <groups>
    </groups>
    <test name="Default test" duration-ms="38985" started-at="2017-12-03T08:11:50Z" finished-at="2017-12-03T08:12:29Z">
      <class name="scripts.TestInvalidLogin">
        <test-method status="PASS" signature="openApplication()[pri:0, instance:scripts.TestInvalidLogin@51565ec2]" name="openApplication" is-config="true" duration-ms="16815" started-at="2017-12-03T13:41:50Z" finished-at="2017-12-03T13:42:07Z">
          <reporter-output>
          </reporter-output>
        </test-method> <!-- openApplication -->
        <test-method status="PASS" signature="testInvslidLogin()[pri:0, instance:scripts.TestInvalidLogin@51565ec2]" name="testInvslidLogin" duration-ms="21466" started-at="2017-12-03T13:42:07Z" finished-at="2017-12-03T13:42:29Z">
          <reporter-output>
          </reporter-output>
        </test-method> <!-- testInvslidLogin -->
        <test-method status="PASS" signature="closeApplication()[pri:0, instance:scripts.TestInvalidLogin@51565ec2]" name="closeApplication" is-config="true" duration-ms="638" started-at="2017-12-03T13:42:29Z" finished-at="2017-12-03T13:42:29Z">
          <reporter-output>
          </reporter-output>
        </test-method> <!-- closeApplication -->
      </class> <!-- scripts.TestInvalidLogin -->
    </test> <!-- Default test -->
  </suite> <!-- Default suite -->
</testng-results>
